<!DOCTYPE html PUBLIC "-//W3C//DTD XHTML 1.1//EN" "https://www.w3.org/TR/xhtml11/DTD/xhtml11.dtd">
<html xmlns="https://www.w3.org/1999/xhtml">
<head>
<meta http-equiv="content-type" content="text/html; charset=UTF-8"/>
<title>TestNG Report</title>
<style type="text/css">table {margin-bottom:10px;border-collapse:collapse;empty-cells:show}th,td {border:1px solid #009;padding:.25em .5em}th {vertical-align:bottom}td {vertical-align:top}table a {font-weight:bold}.stripe td {background-color: #E6EBF9}.num {text-align:right}.passedodd td {background-color: #3F3}.passedeven td {background-color: #0A0}.skippedodd td {background-color: #DDD}.skippedeven td {background-color: #CCC}.failedodd td,.attn {background-color: #F33}.failedeven td,.stripe .attn {background-color: #D00}.stacktrace {white-space:pre;font-family:monospace}.totop {font-size:85%;text-align:center;border-bottom:2px solid #000}.invisible {display:none}</style>
</head>
<body>
<table>
<tr><th>Test</th><th># Passed</th><th># Skipped</th><th># Retried</th><th># Failed</th><th>Time (ms)</th><th>Included Groups</th><th>Excluded Groups</th></tr>
<tr><th colspan="8">First</th></tr>
<tr><td><a href="#t0">FirstTest-0</a></td><td class="num">0</td><td class="num attn">1</td><td class="num">0</td><td class="num">0</td><td class="num">6,094</td><td></td><td></td></tr>
<tr class="stripe"><td><a href="#t1">FirstTest-2</a></td><td class="num">0</td><td class="num attn">1</td><td class="num">0</td><td class="num">0</td><td class="num">7,111</td><td></td><td></td></tr>
<tr><td><a href="#t2">FirstTest-1</a></td><td class="num">0</td><td class="num attn">1</td><td class="num">0</td><td class="num">0</td><td class="num">7,120</td><td></td><td></td></tr>
<tr><th>Total</th><th class="num">0</th><th class="num attn">3</th><th class="num">0</th><th class="num">0</th><th class="num">20,325</th><th colspan="2"></th></tr>
</table>
<table id='summary'><thead><tr><th>Class</th><th>Method</th><th>Start</th><th>Time (ms)</th></tr></thead><tbody><tr><th colspan="4">First</th></tr></tbody><tbody id="t0"><tr><th colspan="4">FirstTest-0 &#8212; failed (configuration methods)</th></tr><tr class="failedeven"><td rowspan="1">appium.AppiumLaunch</td><td><a href="#m0">setup</a></td><td rowspan="1">1699583945818</td><td rowspan="1">764</td></tr><tr><th colspan="4">FirstTest-0 &#8212; skipped (configuration methods)</th></tr><tr class="skippedeven"><td rowspan="1">appium.AppiumLaunch</td><td><a href="#m1">quit</a></td><td rowspan="1">1699583946664</td><td rowspan="1">0</td></tr><tr><th colspan="4">FirstTest-0 &#8212; skipped</th></tr><tr class="skippedeven"><td rowspan="1">appium.AppiumLaunch</td><td><a href="#m2">clickOnPreference</a></td><td rowspan="1">1699583946619</td><td rowspan="1">0</td></tr></tbody>
<tbody id="t1"><tr><th colspan="4">FirstTest-2 &#8212; failed (configuration methods)</th></tr><tr class="failedeven"><td rowspan="1">appium.AppiumLaunch</td><td><a href="#m3">setup</a></td><td rowspan="1">1699583945818</td><td rowspan="1">764</td></tr><tr><th colspan="4">FirstTest-2 &#8212; skipped (configuration methods)</th></tr><tr class="skippedeven"><td rowspan="1">appium.AppiumLaunch</td><td><a href="#m4">quit</a></td><td rowspan="1">1699583949392</td><td rowspan="1">0</td></tr><tr><th colspan="4">FirstTest-2 &#8212; skipped</th></tr><tr class="skippedeven"><td rowspan="1">appium.AppiumLaunch</td><td><a href="#m5">clickOnPreference</a></td><td rowspan="1">1699583949357</td><td rowspan="1">0</td></tr></tbody>
<tbody id="t2"><tr><th colspan="4">FirstTest-1 &#8212; failed (configuration methods)</th></tr><tr class="failedeven"><td rowspan="1">appium.AppiumLaunch</td><td><a href="#m6">setup</a></td><td rowspan="1">1699583945818</td><td rowspan="1">764</td></tr><tr><th colspan="4">FirstTest-1 &#8212; skipped (configuration methods)</th></tr><tr class="skippedeven"><td rowspan="1">appium.AppiumLaunch</td><td><a href="#m7">quit</a></td><td rowspan="1">1699583949410</td><td rowspan="1">0</td></tr><tr><th colspan="4">FirstTest-1 &#8212; skipped</th></tr><tr class="skippedeven"><td rowspan="1">appium.AppiumLaunch</td><td><a href="#m8">clickOnPreference</a></td><td rowspan="1">1699583949357</td><td rowspan="1">0</td></tr></tbody>
</table>
<h2>FirstTest-0</h2><h3 id="m0">appium.AppiumLaunch#setup</h3><table class="result"><tr><th>Exception</th></tr><tr><td><div class="stacktrace">org.openqa.selenium.SessionNotCreatedException: Could not start a new session. Possible causes are invalid address of the remote server or browser start-up failure. 
Host info: host: &apos;DESKTOP-GO5J5M6&apos;, ip: &apos;192.168.0.32&apos;
Build info: version: &apos;4.13.0&apos;, revision: &apos;ba948ece5b*&apos;
System info: os.name: &apos;Windows 10&apos;, os.arch: &apos;amd64&apos;, os.version: &apos;10.0&apos;, java.version: &apos;17.0.9&apos;
Driver info: org.openqa.selenium.remote.RemoteWebDriver
Command: [null, newSession {capabilities=[Capabilities {Project: API demo App automation, app: bs://f53d645f40081a14e4bea4..., appium:app: bs://f53d645f40081a14e4bea4..., browserVersion: null, bstack:options: {accessKey: JJPHDKxYzHu68nd6MVS7, browserVersion: null, browserstackSDK: testng-javaagent/1.11.10, buildIdentifier: #15, buildName: browserstack build Kae, consoleLogs: errors, debug: false, deviceName: Samsung Galaxy S22 Ultra, hostName: DESKTOP-GO5J5M6, local: true, localIdentifier: 10_Nov_1038_DESKTOP_GO5J5M6..., networkLogs: false, osVersion: 12.0, projectName: BrowserStack Samples Kae, source: testng:appium-sample-sdk:v1.1, userName: alvinkaecabato_Avn8dc}, build: ANDROID, deviceName: Samsung Galaxy S21, name: Sample Test, os_version: 12.0, platformName: ANDROID}]}]
Capabilities {Project: API demo App automation, app: bs://f53d645f40081a14e4bea4..., appium:app: bs://f53d645f40081a14e4bea4..., browserVersion: null, bstack:options: {accessKey: JJPHDKxYzHu68nd6MVS7, browserVersion: null, browserstackSDK: testng-javaagent/1.11.10, buildIdentifier: #15, buildName: browserstack build Kae, consoleLogs: errors, debug: false, deviceName: Samsung Galaxy S22 Ultra, hostName: DESKTOP-GO5J5M6, local: true, localIdentifier: 10_Nov_1038_DESKTOP_GO5J5M6..., networkLogs: false, osVersion: 12.0, projectName: BrowserStack Samples Kae, source: testng:appium-sample-sdk:v1.1, userName: alvinkaecabato_Avn8dc}, build: ANDROID, deviceName: Samsung Galaxy S21, name: Sample Test, os_version: 12.0, platformName: ANDROID}
	at org.openqa.selenium.remote.RemoteWebDriver.execute(RemoteWebDriver.java:620)
	at org.openqa.selenium.remote.RemoteWebDriver.startSession(RemoteWebDriver.java:236)
	at org.openqa.selenium.remote.RemoteWebDriver.&lt;init&gt;(RemoteWebDriver.java:163)
	at org.openqa.selenium.remote.RemoteWebDriver.&lt;init&gt;(RemoteWebDriver.java:143)
	at appium.AppiumLaunch.setup(AppiumLaunch.java:45)
	at java.base/java.util.concurrent.FutureTask.run(FutureTask.java:264)
	at java.base/java.util.concurrent.ThreadPoolExecutor.runWorker(ThreadPoolExecutor.java:1136)
	at java.base/java.util.concurrent.ThreadPoolExecutor$Worker.run(ThreadPoolExecutor.java:635)
	at java.base/java.lang.Thread.run(Thread.java:842)
Caused by: java.lang.IllegalArgumentException: Illegal key values seen in w3c capabilities: [Project, app, build, deviceName, name, os_version]
	at org.openqa.selenium.remote.NewSessionPayload.lambda$validate$4(NewSessionPayload.java:184)
	at java.base/java.util.stream.ReferencePipeline$15$1.accept(ReferencePipeline.java:540)
	at java.base/java.util.stream.ReferencePipeline$15$1.accept(ReferencePipeline.java:541)
	at java.base/java.util.stream.ReferencePipeline$3$1.accept(ReferencePipeline.java:197)
	at java.base/java.util.stream.ReferencePipeline$15$1.accept(ReferencePipeline.java:541)
	at java.base/java.util.ArrayList$ArrayListSpliterator.forEachRemaining(ArrayList.java:1625)
	at java.base/java.util.stream.AbstractPipeline.copyInto(AbstractPipeline.java:509)
	at java.base/java.util.stream.AbstractPipeline.wrapAndCopyInto(AbstractPipeline.java:499)
	at java.base/java.util.stream.ForEachOps$ForEachOp.evaluateSequential(ForEachOps.java:150)
	at java.base/java.util.stream.ForEachOps$ForEachOp$OfRef.evaluateSequential(ForEachOps.java:173)
	at java.base/java.util.stream.AbstractPipeline.evaluate(AbstractPipeline.java:234)
	at java.base/java.util.stream.ReferencePipeline.forEach(ReferencePipeline.java:596)
	at org.openqa.selenium.remote.NewSessionPayload.validate(NewSessionPayload.java:188)
	at org.openqa.selenium.remote.NewSessionPayload.&lt;init&gt;(NewSessionPayload.java:91)
	at org.openqa.selenium.remote.NewSessionPayload.create(NewSessionPayload.java:127)
	at org.openqa.selenium.remote.NewSessionPayload.create(NewSessionPayload.java:111)
	at org.openqa.selenium.remote.ProtocolHandshake.createSession(ProtocolHandshake.java:67)
	at org.openqa.selenium.remote.HttpCommandExecutor.execute(HttpCommandExecutor.java:163)
	at org.openqa.selenium.remote.RemoteWebDriver.execute(RemoteWebDriver.java:602)
	... 23 more
... Removed 15 stack frames</div></td></tr></table><p class="totop"><a href="#summary">back to summary</a></p>
<h3 id="m1">appium.AppiumLaunch#quit</h3><table class="result"><tr><th class="invisible"/></tr></table><p class="totop"><a href="#summary">back to summary</a></p>
<h3 id="m2">appium.AppiumLaunch#clickOnPreference</h3><table class="result"><tr><th>Exception</th></tr><tr><td><div class="stacktrace">org.openqa.selenium.SessionNotCreatedException: Could not start a new session. Possible causes are invalid address of the remote server or browser start-up failure. 
Host info: host: &apos;DESKTOP-GO5J5M6&apos;, ip: &apos;192.168.0.32&apos;
Build info: version: &apos;4.13.0&apos;, revision: &apos;ba948ece5b*&apos;
System info: os.name: &apos;Windows 10&apos;, os.arch: &apos;amd64&apos;, os.version: &apos;10.0&apos;, java.version: &apos;17.0.9&apos;
Driver info: org.openqa.selenium.remote.RemoteWebDriver
Command: [null, newSession {capabilities=[Capabilities {Project: API demo App automation, app: bs://f53d645f40081a14e4bea4..., appium:app: bs://f53d645f40081a14e4bea4..., browserVersion: null, bstack:options: {accessKey: JJPHDKxYzHu68nd6MVS7, browserVersion: null, browserstackSDK: testng-javaagent/1.11.10, buildIdentifier: #15, buildName: browserstack build Kae, consoleLogs: errors, debug: false, deviceName: Samsung Galaxy S22 Ultra, hostName: DESKTOP-GO5J5M6, local: true, localIdentifier: 10_Nov_1038_DESKTOP_GO5J5M6..., networkLogs: false, osVersion: 12.0, projectName: BrowserStack Samples Kae, source: testng:appium-sample-sdk:v1.1, userName: alvinkaecabato_Avn8dc}, build: ANDROID, deviceName: Samsung Galaxy S21, name: Sample Test, os_version: 12.0, platformName: ANDROID}]}]
Capabilities {Project: API demo App automation, app: bs://f53d645f40081a14e4bea4..., appium:app: bs://f53d645f40081a14e4bea4..., browserVersion: null, bstack:options: {accessKey: JJPHDKxYzHu68nd6MVS7, browserVersion: null, browserstackSDK: testng-javaagent/1.11.10, buildIdentifier: #15, buildName: browserstack build Kae, consoleLogs: errors, debug: false, deviceName: Samsung Galaxy S22 Ultra, hostName: DESKTOP-GO5J5M6, local: true, localIdentifier: 10_Nov_1038_DESKTOP_GO5J5M6..., networkLogs: false, osVersion: 12.0, projectName: BrowserStack Samples Kae, source: testng:appium-sample-sdk:v1.1, userName: alvinkaecabato_Avn8dc}, build: ANDROID, deviceName: Samsung Galaxy S21, name: Sample Test, os_version: 12.0, platformName: ANDROID}
	at org.openqa.selenium.remote.RemoteWebDriver.execute(RemoteWebDriver.java:620)
	at org.openqa.selenium.remote.RemoteWebDriver.startSession(RemoteWebDriver.java:236)
	at org.openqa.selenium.remote.RemoteWebDriver.&lt;init&gt;(RemoteWebDriver.java:163)
	at org.openqa.selenium.remote.RemoteWebDriver.&lt;init&gt;(RemoteWebDriver.java:143)
	at appium.AppiumLaunch.setup(AppiumLaunch.java:45)
	at java.base/java.util.concurrent.FutureTask.run(FutureTask.java:264)
	at java.base/java.util.concurrent.ThreadPoolExecutor.runWorker(ThreadPoolExecutor.java:1136)
	at java.base/java.util.concurrent.ThreadPoolExecutor$Worker.run(ThreadPoolExecutor.java:635)
	at java.base/java.lang.Thread.run(Thread.java:842)
Caused by: java.lang.IllegalArgumentException: Illegal key values seen in w3c capabilities: [Project, app, build, deviceName, name, os_version]
	at org.openqa.selenium.remote.NewSessionPayload.lambda$validate$4(NewSessionPayload.java:184)
	at java.base/java.util.stream.ReferencePipeline$15$1.accept(ReferencePipeline.java:540)
	at java.base/java.util.stream.ReferencePipeline$15$1.accept(ReferencePipeline.java:541)
	at java.base/java.util.stream.ReferencePipeline$3$1.accept(ReferencePipeline.java:197)
	at java.base/java.util.stream.ReferencePipeline$15$1.accept(ReferencePipeline.java:541)
	at java.base/java.util.ArrayList$ArrayListSpliterator.forEachRemaining(ArrayList.java:1625)
	at java.base/java.util.stream.AbstractPipeline.copyInto(AbstractPipeline.java:509)
	at java.base/java.util.stream.AbstractPipeline.wrapAndCopyInto(AbstractPipeline.java:499)
	at java.base/java.util.stream.ForEachOps$ForEachOp.evaluateSequential(ForEachOps.java:150)
	at java.base/java.util.stream.ForEachOps$ForEachOp$OfRef.evaluateSequential(ForEachOps.java:173)
	at java.base/java.util.stream.AbstractPipeline.evaluate(AbstractPipeline.java:234)
	at java.base/java.util.stream.ReferencePipeline.forEach(ReferencePipeline.java:596)
	at org.openqa.selenium.remote.NewSessionPayload.validate(NewSessionPayload.java:188)
	at org.openqa.selenium.remote.NewSessionPayload.&lt;init&gt;(NewSessionPayload.java:91)
	at org.openqa.selenium.remote.NewSessionPayload.create(NewSessionPayload.java:127)
	at org.openqa.selenium.remote.NewSessionPayload.create(NewSessionPayload.java:111)
	at org.openqa.selenium.remote.ProtocolHandshake.createSession(ProtocolHandshake.java:67)
	at org.openqa.selenium.remote.HttpCommandExecutor.execute(HttpCommandExecutor.java:163)
	at org.openqa.selenium.remote.RemoteWebDriver.execute(RemoteWebDriver.java:602)
	... 23 more
... Removed 15 stack frames</div></td></tr></table><p class="totop"><a href="#summary">back to summary</a></p>
<h2>FirstTest-2</h2><h3 id="m3">appium.AppiumLaunch#setup</h3><table class="result"><tr><th>Exception</th></tr><tr><td><div class="stacktrace">org.openqa.selenium.SessionNotCreatedException: Could not start a new session. Possible causes are invalid address of the remote server or browser start-up failure. 
Host info: host: &apos;DESKTOP-GO5J5M6&apos;, ip: &apos;192.168.0.32&apos;
Build info: version: &apos;4.13.0&apos;, revision: &apos;ba948ece5b*&apos;
System info: os.name: &apos;Windows 10&apos;, os.arch: &apos;amd64&apos;, os.version: &apos;10.0&apos;, java.version: &apos;17.0.9&apos;
Driver info: org.openqa.selenium.remote.RemoteWebDriver
Command: [null, newSession {capabilities=[Capabilities {Project: API demo App automation, app: bs://f53d645f40081a14e4bea4..., appium:app: bs://f53d645f40081a14e4bea4..., browserVersion: null, bstack:options: {accessKey: JJPHDKxYzHu68nd6MVS7, browserVersion: null, browserstackSDK: testng-javaagent/1.11.10, buildIdentifier: #15, buildName: browserstack build Kae, consoleLogs: errors, debug: false, deviceName: Google Pixel 6 Pro, hostName: DESKTOP-GO5J5M6, local: true, localIdentifier: 10_Nov_1038_DESKTOP_GO5J5M6..., networkLogs: false, osVersion: 12.0, projectName: BrowserStack Samples Kae, source: testng:appium-sample-sdk:v1.1, userName: alvinkaecabato_Avn8dc}, build: ANDROID, deviceName: Samsung Galaxy S21, name: Sample Test, os_version: 12.0, platformName: ANDROID}]}]
Capabilities {Project: API demo App automation, app: bs://f53d645f40081a14e4bea4..., appium:app: bs://f53d645f40081a14e4bea4..., browserVersion: null, bstack:options: {accessKey: JJPHDKxYzHu68nd6MVS7, browserVersion: null, browserstackSDK: testng-javaagent/1.11.10, buildIdentifier: #15, buildName: browserstack build Kae, consoleLogs: errors, debug: false, deviceName: Google Pixel 6 Pro, hostName: DESKTOP-GO5J5M6, local: true, localIdentifier: 10_Nov_1038_DESKTOP_GO5J5M6..., networkLogs: false, osVersion: 12.0, projectName: BrowserStack Samples Kae, source: testng:appium-sample-sdk:v1.1, userName: alvinkaecabato_Avn8dc}, build: ANDROID, deviceName: Samsung Galaxy S21, name: Sample Test, os_version: 12.0, platformName: ANDROID}
	at org.openqa.selenium.remote.RemoteWebDriver.execute(RemoteWebDriver.java:620)
	at org.openqa.selenium.remote.RemoteWebDriver.startSession(RemoteWebDriver.java:236)
	at org.openqa.selenium.remote.RemoteWebDriver.&lt;init&gt;(RemoteWebDriver.java:163)
	at org.openqa.selenium.remote.RemoteWebDriver.&lt;init&gt;(RemoteWebDriver.java:143)
	at appium.AppiumLaunch.setup(AppiumLaunch.java:45)
	at java.base/java.util.concurrent.FutureTask.run(FutureTask.java:264)
	at java.base/java.util.concurrent.ThreadPoolExecutor.runWorker(ThreadPoolExecutor.java:1136)
	at java.base/java.util.concurrent.ThreadPoolExecutor$Worker.run(ThreadPoolExecutor.java:635)
	at java.base/java.lang.Thread.run(Thread.java:842)
Caused by: java.lang.IllegalArgumentException: Illegal key values seen in w3c capabilities: [Project, app, build, deviceName, name, os_version]
	at org.openqa.selenium.remote.NewSessionPayload.lambda$validate$4(NewSessionPayload.java:184)
	at java.base/java.util.stream.ReferencePipeline$15$1.accept(ReferencePipeline.java:540)
	at java.base/java.util.stream.ReferencePipeline$15$1.accept(ReferencePipeline.java:541)
	at java.base/java.util.stream.ReferencePipeline$3$1.accept(ReferencePipeline.java:197)
	at java.base/java.util.stream.ReferencePipeline$15$1.accept(ReferencePipeline.java:541)
	at java.base/java.util.ArrayList$ArrayListSpliterator.forEachRemaining(ArrayList.java:1625)
	at java.base/java.util.stream.AbstractPipeline.copyInto(AbstractPipeline.java:509)
	at java.base/java.util.stream.AbstractPipeline.wrapAndCopyInto(AbstractPipeline.java:499)
	at java.base/java.util.stream.ForEachOps$ForEachOp.evaluateSequential(ForEachOps.java:150)
	at java.base/java.util.stream.ForEachOps$ForEachOp$OfRef.evaluateSequential(ForEachOps.java:173)
	at java.base/java.util.stream.AbstractPipeline.evaluate(AbstractPipeline.java:234)
	at java.base/java.util.stream.ReferencePipeline.forEach(ReferencePipeline.java:596)
	at org.openqa.selenium.remote.NewSessionPayload.validate(NewSessionPayload.java:188)
	at org.openqa.selenium.remote.NewSessionPayload.&lt;init&gt;(NewSessionPayload.java:91)
	at org.openqa.selenium.remote.NewSessionPayload.create(NewSessionPayload.java:127)
	at org.openqa.selenium.remote.NewSessionPayload.create(NewSessionPayload.java:111)
	at org.openqa.selenium.remote.ProtocolHandshake.createSession(ProtocolHandshake.java:67)
	at org.openqa.selenium.remote.HttpCommandExecutor.execute(HttpCommandExecutor.java:163)
	at org.openqa.selenium.remote.RemoteWebDriver.execute(RemoteWebDriver.java:602)
	... 23 more
... Removed 15 stack frames</div></td></tr></table><p class="totop"><a href="#summary">back to summary</a></p>
<h3 id="m4">appium.AppiumLaunch#quit</h3><table class="result"><tr><th class="invisible"/></tr></table><p class="totop"><a href="#summary">back to summary</a></p>
<h3 id="m5">appium.AppiumLaunch#clickOnPreference</h3><table class="result"><tr><th>Exception</th></tr><tr><td><div class="stacktrace">org.openqa.selenium.SessionNotCreatedException: Could not start a new session. Possible causes are invalid address of the remote server or browser start-up failure. 
Host info: host: &apos;DESKTOP-GO5J5M6&apos;, ip: &apos;192.168.0.32&apos;
Build info: version: &apos;4.13.0&apos;, revision: &apos;ba948ece5b*&apos;
System info: os.name: &apos;Windows 10&apos;, os.arch: &apos;amd64&apos;, os.version: &apos;10.0&apos;, java.version: &apos;17.0.9&apos;
Driver info: org.openqa.selenium.remote.RemoteWebDriver
Command: [null, newSession {capabilities=[Capabilities {Project: API demo App automation, app: bs://f53d645f40081a14e4bea4..., appium:app: bs://f53d645f40081a14e4bea4..., browserVersion: null, bstack:options: {accessKey: JJPHDKxYzHu68nd6MVS7, browserVersion: null, browserstackSDK: testng-javaagent/1.11.10, buildIdentifier: #15, buildName: browserstack build Kae, consoleLogs: errors, debug: false, deviceName: Google Pixel 6 Pro, hostName: DESKTOP-GO5J5M6, local: true, localIdentifier: 10_Nov_1038_DESKTOP_GO5J5M6..., networkLogs: false, osVersion: 12.0, projectName: BrowserStack Samples Kae, source: testng:appium-sample-sdk:v1.1, userName: alvinkaecabato_Avn8dc}, build: ANDROID, deviceName: Samsung Galaxy S21, name: Sample Test, os_version: 12.0, platformName: ANDROID}]}]
Capabilities {Project: API demo App automation, app: bs://f53d645f40081a14e4bea4..., appium:app: bs://f53d645f40081a14e4bea4..., browserVersion: null, bstack:options: {accessKey: JJPHDKxYzHu68nd6MVS7, browserVersion: null, browserstackSDK: testng-javaagent/1.11.10, buildIdentifier: #15, buildName: browserstack build Kae, consoleLogs: errors, debug: false, deviceName: Google Pixel 6 Pro, hostName: DESKTOP-GO5J5M6, local: true, localIdentifier: 10_Nov_1038_DESKTOP_GO5J5M6..., networkLogs: false, osVersion: 12.0, projectName: BrowserStack Samples Kae, source: testng:appium-sample-sdk:v1.1, userName: alvinkaecabato_Avn8dc}, build: ANDROID, deviceName: Samsung Galaxy S21, name: Sample Test, os_version: 12.0, platformName: ANDROID}
	at org.openqa.selenium.remote.RemoteWebDriver.execute(RemoteWebDriver.java:620)
	at org.openqa.selenium.remote.RemoteWebDriver.startSession(RemoteWebDriver.java:236)
	at org.openqa.selenium.remote.RemoteWebDriver.&lt;init&gt;(RemoteWebDriver.java:163)
	at org.openqa.selenium.remote.RemoteWebDriver.&lt;init&gt;(RemoteWebDriver.java:143)
	at appium.AppiumLaunch.setup(AppiumLaunch.java:45)
	at java.base/java.util.concurrent.FutureTask.run(FutureTask.java:264)
	at java.base/java.util.concurrent.ThreadPoolExecutor.runWorker(ThreadPoolExecutor.java:1136)
	at java.base/java.util.concurrent.ThreadPoolExecutor$Worker.run(ThreadPoolExecutor.java:635)
	at java.base/java.lang.Thread.run(Thread.java:842)
Caused by: java.lang.IllegalArgumentException: Illegal key values seen in w3c capabilities: [Project, app, build, deviceName, name, os_version]
	at org.openqa.selenium.remote.NewSessionPayload.lambda$validate$4(NewSessionPayload.java:184)
	at java.base/java.util.stream.ReferencePipeline$15$1.accept(ReferencePipeline.java:540)
	at java.base/java.util.stream.ReferencePipeline$15$1.accept(ReferencePipeline.java:541)
	at java.base/java.util.stream.ReferencePipeline$3$1.accept(ReferencePipeline.java:197)
	at java.base/java.util.stream.ReferencePipeline$15$1.accept(ReferencePipeline.java:541)
	at java.base/java.util.ArrayList$ArrayListSpliterator.forEachRemaining(ArrayList.java:1625)
	at java.base/java.util.stream.AbstractPipeline.copyInto(AbstractPipeline.java:509)
	at java.base/java.util.stream.AbstractPipeline.wrapAndCopyInto(AbstractPipeline.java:499)
	at java.base/java.util.stream.ForEachOps$ForEachOp.evaluateSequential(ForEachOps.java:150)
	at java.base/java.util.stream.ForEachOps$ForEachOp$OfRef.evaluateSequential(ForEachOps.java:173)
	at java.base/java.util.stream.AbstractPipeline.evaluate(AbstractPipeline.java:234)
	at java.base/java.util.stream.ReferencePipeline.forEach(ReferencePipeline.java:596)
	at org.openqa.selenium.remote.NewSessionPayload.validate(NewSessionPayload.java:188)
	at org.openqa.selenium.remote.NewSessionPayload.&lt;init&gt;(NewSessionPayload.java:91)
	at org.openqa.selenium.remote.NewSessionPayload.create(NewSessionPayload.java:127)
	at org.openqa.selenium.remote.NewSessionPayload.create(NewSessionPayload.java:111)
	at org.openqa.selenium.remote.ProtocolHandshake.createSession(ProtocolHandshake.java:67)
	at org.openqa.selenium.remote.HttpCommandExecutor.execute(HttpCommandExecutor.java:163)
	at org.openqa.selenium.remote.RemoteWebDriver.execute(RemoteWebDriver.java:602)
	... 23 more
... Removed 15 stack frames</div></td></tr></table><p class="totop"><a href="#summary">back to summary</a></p>
<h2>FirstTest-1</h2><h3 id="m6">appium.AppiumLaunch#setup</h3><table class="result"><tr><th>Exception</th></tr><tr><td><div class="stacktrace">org.openqa.selenium.SessionNotCreatedException: Could not start a new session. Possible causes are invalid address of the remote server or browser start-up failure. 
Host info: host: &apos;DESKTOP-GO5J5M6&apos;, ip: &apos;192.168.0.32&apos;
Build info: version: &apos;4.13.0&apos;, revision: &apos;ba948ece5b*&apos;
System info: os.name: &apos;Windows 10&apos;, os.arch: &apos;amd64&apos;, os.version: &apos;10.0&apos;, java.version: &apos;17.0.9&apos;
Driver info: org.openqa.selenium.remote.RemoteWebDriver
Command: [null, newSession {capabilities=[Capabilities {Project: API demo App automation, app: bs://f53d645f40081a14e4bea4..., appium:app: bs://f53d645f40081a14e4bea4..., browserVersion: null, bstack:options: {accessKey: JJPHDKxYzHu68nd6MVS7, browserVersion: null, browserstackSDK: testng-javaagent/1.11.10, buildIdentifier: #15, buildName: browserstack build Kae, consoleLogs: errors, debug: false, deviceName: Samsung Galaxy S21, hostName: DESKTOP-GO5J5M6, local: true, localIdentifier: 10_Nov_1038_DESKTOP_GO5J5M6..., networkLogs: false, osVersion: 11.0, projectName: BrowserStack Samples Kae, source: testng:appium-sample-sdk:v1.1, userName: alvinkaecabato_Avn8dc}, build: ANDROID, deviceName: Samsung Galaxy S21, name: Sample Test, os_version: 12.0, platformName: ANDROID}]}]
Capabilities {Project: API demo App automation, app: bs://f53d645f40081a14e4bea4..., appium:app: bs://f53d645f40081a14e4bea4..., browserVersion: null, bstack:options: {accessKey: JJPHDKxYzHu68nd6MVS7, browserVersion: null, browserstackSDK: testng-javaagent/1.11.10, buildIdentifier: #15, buildName: browserstack build Kae, consoleLogs: errors, debug: false, deviceName: Samsung Galaxy S21, hostName: DESKTOP-GO5J5M6, local: true, localIdentifier: 10_Nov_1038_DESKTOP_GO5J5M6..., networkLogs: false, osVersion: 11.0, projectName: BrowserStack Samples Kae, source: testng:appium-sample-sdk:v1.1, userName: alvinkaecabato_Avn8dc}, build: ANDROID, deviceName: Samsung Galaxy S21, name: Sample Test, os_version: 12.0, platformName: ANDROID}
	at org.openqa.selenium.remote.RemoteWebDriver.execute(RemoteWebDriver.java:620)
	at org.openqa.selenium.remote.RemoteWebDriver.startSession(RemoteWebDriver.java:236)
	at org.openqa.selenium.remote.RemoteWebDriver.&lt;init&gt;(RemoteWebDriver.java:163)
	at org.openqa.selenium.remote.RemoteWebDriver.&lt;init&gt;(RemoteWebDriver.java:143)
	at appium.AppiumLaunch.setup(AppiumLaunch.java:45)
	at java.base/java.util.concurrent.FutureTask.run(FutureTask.java:264)
	at java.base/java.util.concurrent.ThreadPoolExecutor.runWorker(ThreadPoolExecutor.java:1136)
	at java.base/java.util.concurrent.ThreadPoolExecutor$Worker.run(ThreadPoolExecutor.java:635)
	at java.base/java.lang.Thread.run(Thread.java:842)
Caused by: java.lang.IllegalArgumentException: Illegal key values seen in w3c capabilities: [Project, app, build, deviceName, name, os_version]
	at org.openqa.selenium.remote.NewSessionPayload.lambda$validate$4(NewSessionPayload.java:184)
	at java.base/java.util.stream.ReferencePipeline$15$1.accept(ReferencePipeline.java:540)
	at java.base/java.util.stream.ReferencePipeline$15$1.accept(ReferencePipeline.java:541)
	at java.base/java.util.stream.ReferencePipeline$3$1.accept(ReferencePipeline.java:197)
	at java.base/java.util.stream.ReferencePipeline$15$1.accept(ReferencePipeline.java:541)
	at java.base/java.util.ArrayList$ArrayListSpliterator.forEachRemaining(ArrayList.java:1625)
	at java.base/java.util.stream.AbstractPipeline.copyInto(AbstractPipeline.java:509)
	at java.base/java.util.stream.AbstractPipeline.wrapAndCopyInto(AbstractPipeline.java:499)
	at java.base/java.util.stream.ForEachOps$ForEachOp.evaluateSequential(ForEachOps.java:150)
	at java.base/java.util.stream.ForEachOps$ForEachOp$OfRef.evaluateSequential(ForEachOps.java:173)
	at java.base/java.util.stream.AbstractPipeline.evaluate(AbstractPipeline.java:234)
	at java.base/java.util.stream.ReferencePipeline.forEach(ReferencePipeline.java:596)
	at org.openqa.selenium.remote.NewSessionPayload.validate(NewSessionPayload.java:188)
	at org.openqa.selenium.remote.NewSessionPayload.&lt;init&gt;(NewSessionPayload.java:91)
	at org.openqa.selenium.remote.NewSessionPayload.create(NewSessionPayload.java:127)
	at org.openqa.selenium.remote.NewSessionPayload.create(NewSessionPayload.java:111)
	at org.openqa.selenium.remote.ProtocolHandshake.createSession(ProtocolHandshake.java:67)
	at org.openqa.selenium.remote.HttpCommandExecutor.execute(HttpCommandExecutor.java:163)
	at org.openqa.selenium.remote.RemoteWebDriver.execute(RemoteWebDriver.java:602)
	... 23 more
... Removed 15 stack frames</div></td></tr></table><p class="totop"><a href="#summary">back to summary</a></p>
<h3 id="m7">appium.AppiumLaunch#quit</h3><table class="result"><tr><th class="invisible"/></tr></table><p class="totop"><a href="#summary">back to summary</a></p>
<h3 id="m8">appium.AppiumLaunch#clickOnPreference</h3><table class="result"><tr><th>Exception</th></tr><tr><td><div class="stacktrace">org.openqa.selenium.SessionNotCreatedException: Could not start a new session. Possible causes are invalid address of the remote server or browser start-up failure. 
Host info: host: &apos;DESKTOP-GO5J5M6&apos;, ip: &apos;192.168.0.32&apos;
Build info: version: &apos;4.13.0&apos;, revision: &apos;ba948ece5b*&apos;
System info: os.name: &apos;Windows 10&apos;, os.arch: &apos;amd64&apos;, os.version: &apos;10.0&apos;, java.version: &apos;17.0.9&apos;
Driver info: org.openqa.selenium.remote.RemoteWebDriver
Command: [null, newSession {capabilities=[Capabilities {Project: API demo App automation, app: bs://f53d645f40081a14e4bea4..., appium:app: bs://f53d645f40081a14e4bea4..., browserVersion: null, bstack:options: {accessKey: JJPHDKxYzHu68nd6MVS7, browserVersion: null, browserstackSDK: testng-javaagent/1.11.10, buildIdentifier: #15, buildName: browserstack build Kae, consoleLogs: errors, debug: false, deviceName: Samsung Galaxy S21, hostName: DESKTOP-GO5J5M6, local: true, localIdentifier: 10_Nov_1038_DESKTOP_GO5J5M6..., networkLogs: false, osVersion: 11.0, projectName: BrowserStack Samples Kae, source: testng:appium-sample-sdk:v1.1, userName: alvinkaecabato_Avn8dc}, build: ANDROID, deviceName: Samsung Galaxy S21, name: Sample Test, os_version: 12.0, platformName: ANDROID}]}]
Capabilities {Project: API demo App automation, app: bs://f53d645f40081a14e4bea4..., appium:app: bs://f53d645f40081a14e4bea4..., browserVersion: null, bstack:options: {accessKey: JJPHDKxYzHu68nd6MVS7, browserVersion: null, browserstackSDK: testng-javaagent/1.11.10, buildIdentifier: #15, buildName: browserstack build Kae, consoleLogs: errors, debug: false, deviceName: Samsung Galaxy S21, hostName: DESKTOP-GO5J5M6, local: true, localIdentifier: 10_Nov_1038_DESKTOP_GO5J5M6..., networkLogs: false, osVersion: 11.0, projectName: BrowserStack Samples Kae, source: testng:appium-sample-sdk:v1.1, userName: alvinkaecabato_Avn8dc}, build: ANDROID, deviceName: Samsung Galaxy S21, name: Sample Test, os_version: 12.0, platformName: ANDROID}
	at org.openqa.selenium.remote.RemoteWebDriver.execute(RemoteWebDriver.java:620)
	at org.openqa.selenium.remote.RemoteWebDriver.startSession(RemoteWebDriver.java:236)
	at org.openqa.selenium.remote.RemoteWebDriver.&lt;init&gt;(RemoteWebDriver.java:163)
	at org.openqa.selenium.remote.RemoteWebDriver.&lt;init&gt;(RemoteWebDriver.java:143)
	at appium.AppiumLaunch.setup(AppiumLaunch.java:45)
	at java.base/java.util.concurrent.FutureTask.run(FutureTask.java:264)
	at java.base/java.util.concurrent.ThreadPoolExecutor.runWorker(ThreadPoolExecutor.java:1136)
	at java.base/java.util.concurrent.ThreadPoolExecutor$Worker.run(ThreadPoolExecutor.java:635)
	at java.base/java.lang.Thread.run(Thread.java:842)
Caused by: java.lang.IllegalArgumentException: Illegal key values seen in w3c capabilities: [Project, app, build, deviceName, name, os_version]
	at org.openqa.selenium.remote.NewSessionPayload.lambda$validate$4(NewSessionPayload.java:184)
	at java.base/java.util.stream.ReferencePipeline$15$1.accept(ReferencePipeline.java:540)
	at java.base/java.util.stream.ReferencePipeline$15$1.accept(ReferencePipeline.java:541)
	at java.base/java.util.stream.ReferencePipeline$3$1.accept(ReferencePipeline.java:197)
	at java.base/java.util.stream.ReferencePipeline$15$1.accept(ReferencePipeline.java:541)
	at java.base/java.util.ArrayList$ArrayListSpliterator.forEachRemaining(ArrayList.java:1625)
	at java.base/java.util.stream.AbstractPipeline.copyInto(AbstractPipeline.java:509)
	at java.base/java.util.stream.AbstractPipeline.wrapAndCopyInto(AbstractPipeline.java:499)
	at java.base/java.util.stream.ForEachOps$ForEachOp.evaluateSequential(ForEachOps.java:150)
	at java.base/java.util.stream.ForEachOps$ForEachOp$OfRef.evaluateSequential(ForEachOps.java:173)
	at java.base/java.util.stream.AbstractPipeline.evaluate(AbstractPipeline.java:234)
	at java.base/java.util.stream.ReferencePipeline.forEach(ReferencePipeline.java:596)
	at org.openqa.selenium.remote.NewSessionPayload.validate(NewSessionPayload.java:188)
	at org.openqa.selenium.remote.NewSessionPayload.&lt;init&gt;(NewSessionPayload.java:91)
	at org.openqa.selenium.remote.NewSessionPayload.create(NewSessionPayload.java:127)
	at org.openqa.selenium.remote.NewSessionPayload.create(NewSessionPayload.java:111)
	at org.openqa.selenium.remote.ProtocolHandshake.createSession(ProtocolHandshake.java:67)
	at org.openqa.selenium.remote.HttpCommandExecutor.execute(HttpCommandExecutor.java:163)
	at org.openqa.selenium.remote.RemoteWebDriver.execute(RemoteWebDriver.java:602)
	... 23 more
... Removed 15 stack frames</div></td></tr></table><p class="totop"><a href="#summary">back to summary</a></p>
</body>
</html>
