<?xml version="1.0" encoding="UTF-8"?>
<testng-results ignored="0" total="3" passed="3" failed="0" skipped="0">
  <reporter-output>
  </reporter-output>
  <suite started-at="2023-11-14T12:22:03 CST" name="First" finished-at="2023-11-14T12:22:30 CST" duration-ms="26999">
    <groups>
    </groups>
    <test started-at="2023-11-14T12:22:03 CST" name="FirstTest-2" finished-at="2023-11-14T12:22:28 CST" duration-ms="25486">
      <class name="appium.AppiumLaunch">
        <test-method is-config="true" signature="setUp()[pri:0, instance:appium.AppiumLaunch@48e7b3d2]" started-at="2023-11-14T12:22:03 CST" name="setUp" finished-at="2023-11-14T12:22:23 CST" duration-ms="19836" status="PASS">
          <reporter-output>
          </reporter-output>
        </test-method> <!-- setUp -->
        <test-method signature="enterDevice()[pri:0, instance:appium.AppiumLaunch@48e7b3d2]" started-at="2023-11-14T12:22:23 CST" name="enterDevice" finished-at="2023-11-14T12:22:27 CST" duration-ms="4159" status="PASS">
          <reporter-output>
          </reporter-output>
        </test-method> <!-- enterDevice -->
        <test-method is-config="true" signature="tearDown()[pri:0, instance:appium.AppiumLaunch@48e7b3d2]" started-at="2023-11-14T12:22:27 CST" name="tearDown" finished-at="2023-11-14T12:22:28 CST" duration-ms="1423" status="PASS">
          <reporter-output>
          </reporter-output>
        </test-method> <!-- tearDown -->
      </class> <!-- appium.AppiumLaunch -->
    </test> <!-- FirstTest-2 -->
    <test started-at="2023-11-14T12:22:03 CST" name="FirstTest-1" finished-at="2023-11-14T12:22:29 CST" duration-ms="26228">
      <class name="appium.AppiumLaunch">
        <test-method is-config="true" signature="setUp()[pri:0, instance:appium.AppiumLaunch@56f2bbea]" started-at="2023-11-14T12:22:03 CST" name="setUp" finished-at="2023-11-14T12:22:24 CST" duration-ms="20645" status="PASS">
          <reporter-output>
          </reporter-output>
        </test-method> <!-- setUp -->
        <test-method signature="enterDevice()[pri:0, instance:appium.AppiumLaunch@56f2bbea]" started-at="2023-11-14T12:22:24 CST" name="enterDevice" finished-at="2023-11-14T12:22:28 CST" duration-ms="4047" status="PASS">
          <reporter-output>
          </reporter-output>
        </test-method> <!-- enterDevice -->
        <test-method is-config="true" signature="tearDown()[pri:0, instance:appium.AppiumLaunch@56f2bbea]" started-at="2023-11-14T12:22:28 CST" name="tearDown" finished-at="2023-11-14T12:22:29 CST" duration-ms="1470" status="PASS">
          <reporter-output>
          </reporter-output>
        </test-method> <!-- tearDown -->
      </class> <!-- appium.AppiumLaunch -->
    </test> <!-- FirstTest-1 -->
    <test started-at="2023-11-14T12:22:03 CST" name="FirstTest-0" finished-at="2023-11-14T12:22:30 CST" duration-ms="26999">
      <class name="appium.AppiumLaunch">
        <test-method is-config="true" signature="setUp()[pri:0, instance:appium.AppiumLaunch@3163987e]" started-at="2023-11-14T12:22:03 CST" name="setUp" finished-at="2023-11-14T12:22:24 CST" duration-ms="20818" status="PASS">
          <reporter-output>
          </reporter-output>
        </test-method> <!-- setUp -->
        <test-method signature="enterDevice()[pri:0, instance:appium.AppiumLaunch@3163987e]" started-at="2023-11-14T12:22:24 CST" name="enterDevice" finished-at="2023-11-14T12:22:28 CST" duration-ms="4624" status="PASS">
          <reporter-output>
          </reporter-output>
        </test-method> <!-- enterDevice -->
        <test-method is-config="true" signature="tearDown()[pri:0, instance:appium.AppiumLaunch@3163987e]" started-at="2023-11-14T12:22:28 CST" name="tearDown" finished-at="2023-11-14T12:22:30 CST" duration-ms="1473" status="PASS">
          <reporter-output>
          </reporter-output>
        </test-method> <!-- tearDown -->
      </class> <!-- appium.AppiumLaunch -->
    </test> <!-- FirstTest-0 -->
  </suite> <!-- First -->
</testng-results>
