<?xml version="1.0" encoding="UTF-8"?>
<testng-results ignored="0" total="3" passed="3" failed="0" skipped="0">
  <reporter-output>
  </reporter-output>
  <suite started-at="2023-11-14T14:19:20 CST" name="First" finished-at="2023-11-14T14:19:44 CST" duration-ms="24312">
    <groups>
    </groups>
    <test started-at="2023-11-14T14:19:20 CST" name="FirstTest-1" finished-at="2023-11-14T14:19:43 CST" duration-ms="23108">
      <class name="appium.AppiumLaunch">
        <test-method is-config="true" signature="setUp()[pri:0, instance:appium.AppiumLaunch@2bfeb1ef]" started-at="2023-11-14T14:19:20 CST" name="setUp" finished-at="2023-11-14T14:19:37 CST" duration-ms="17566" status="PASS">
          <reporter-output>
          </reporter-output>
        </test-method> <!-- setUp -->
        <test-method signature="enterDevice()[pri:0, instance:appium.AppiumLaunch@2bfeb1ef]" started-at="2023-11-14T14:19:37 CST" name="enterDevice" finished-at="2023-11-14T14:19:41 CST" duration-ms="3994" status="PASS">
          <reporter-output>
          </reporter-output>
        </test-method> <!-- enterDevice -->
        <test-method is-config="true" signature="tearDown()[pri:0, instance:appium.AppiumLaunch@2bfeb1ef]" started-at="2023-11-14T14:19:41 CST" name="tearDown" finished-at="2023-11-14T14:19:43 CST" duration-ms="1444" status="PASS">
          <reporter-output>
          </reporter-output>
        </test-method> <!-- tearDown -->
      </class> <!-- appium.AppiumLaunch -->
    </test> <!-- FirstTest-1 -->
    <test started-at="2023-11-14T14:19:20 CST" name="FirstTest-2" finished-at="2023-11-14T14:19:43 CST" duration-ms="23276">
      <class name="appium.AppiumLaunch">
        <test-method is-config="true" signature="setUp()[pri:0, instance:appium.AppiumLaunch@261d8190]" started-at="2023-11-14T14:19:20 CST" name="setUp" finished-at="2023-11-14T14:19:37 CST" duration-ms="17666" status="PASS">
          <reporter-output>
          </reporter-output>
        </test-method> <!-- setUp -->
        <test-method signature="enterDevice()[pri:0, instance:appium.AppiumLaunch@261d8190]" started-at="2023-11-14T14:19:37 CST" name="enterDevice" finished-at="2023-11-14T14:19:41 CST" duration-ms="4098" status="PASS">
          <reporter-output>
          </reporter-output>
        </test-method> <!-- enterDevice -->
        <test-method is-config="true" signature="tearDown()[pri:0, instance:appium.AppiumLaunch@261d8190]" started-at="2023-11-14T14:19:41 CST" name="tearDown" finished-at="2023-11-14T14:19:43 CST" duration-ms="1413" status="PASS">
          <reporter-output>
          </reporter-output>
        </test-method> <!-- tearDown -->
      </class> <!-- appium.AppiumLaunch -->
    </test> <!-- FirstTest-2 -->
    <test started-at="2023-11-14T14:19:20 CST" name="FirstTest-0" finished-at="2023-11-14T14:19:44 CST" duration-ms="24312">
      <class name="appium.AppiumLaunch">
        <test-method is-config="true" signature="setUp()[pri:0, instance:appium.AppiumLaunch@240139e1]" started-at="2023-11-14T14:19:20 CST" name="setUp" finished-at="2023-11-14T14:19:38 CST" duration-ms="18727" status="PASS">
          <reporter-output>
          </reporter-output>
        </test-method> <!-- setUp -->
        <test-method signature="enterDevice()[pri:0, instance:appium.AppiumLaunch@240139e1]" started-at="2023-11-14T14:19:38 CST" name="enterDevice" finished-at="2023-11-14T14:19:42 CST" duration-ms="4071" status="PASS">
          <reporter-output>
          </reporter-output>
        </test-method> <!-- enterDevice -->
        <test-method is-config="true" signature="tearDown()[pri:0, instance:appium.AppiumLaunch@240139e1]" started-at="2023-11-14T14:19:42 CST" name="tearDown" finished-at="2023-11-14T14:19:44 CST" duration-ms="1421" status="PASS">
          <reporter-output>
          </reporter-output>
        </test-method> <!-- tearDown -->
      </class> <!-- appium.AppiumLaunch -->
    </test> <!-- FirstTest-0 -->
  </suite> <!-- First -->
</testng-results>
