<?xml version="1.0" encoding="UTF-8"?>
<testsuite xmlns:xsi="http://www.w3.org/2001/XMLSchema-instance" xsi:noNamespaceSchemaLocation="https://maven.apache.org/surefire/maven-surefire-plugin/xsd/surefire-test-report.xsd" name="TestSuite" time="27.298" tests="3" errors="0" skipped="0" failures="0">
  <properties>
[...]
</properties>
  <testcase name="enterDevice" classname="appium.AppiumLaunch" time="3.2"/>
  <testcase name="enterDevice" classname="appium.AppiumLaunch" time="3.895"/>
  <testcase name="enterDevice" classname="appium.AppiumLaunch" time="4.666"/>
</testsuite>