<?xml version="1.0" encoding="UTF-8"?>
<testng-results ignored="0" total="3" passed="3" failed="0" skipped="0">
  <reporter-output>
  </reporter-output>
  <suite started-at="2023-11-09T15:55:10 CST" name="First" finished-at="2023-11-09T15:56:21 CST" duration-ms="70888">
    <groups>
    </groups>
    <test started-at="2023-11-09T15:55:10 CST" name="FirstTest-1" finished-at="2023-11-09T15:56:02 CST" duration-ms="52007">
      <class name="com.browserstack.FirstTest">
        <test-method is-config="true" signature="setUp()[pri:0, instance:com.browserstack.FirstTest@55b62629]" started-at="2023-11-09T15:55:10 CST" name="setUp" finished-at="2023-11-09T15:55:29 CST" duration-ms="18696" status="PASS">
          <reporter-output>
          </reporter-output>
        </test-method> <!-- setUp -->
        <test-method signature="test()[pri:0, instance:com.browserstack.FirstTest@55b62629]" started-at="2023-11-09T15:55:29 CST" name="test" finished-at="2023-11-09T15:55:59 CST" duration-ms="30613" status="PASS">
          <reporter-output>
          </reporter-output>
        </test-method> <!-- test -->
        <test-method is-config="true" signature="tearDown()[pri:0, instance:com.browserstack.FirstTest@55b62629]" started-at="2023-11-09T15:56:00 CST" name="tearDown" finished-at="2023-11-09T15:56:02 CST" duration-ms="2328" status="PASS">
          <reporter-output>
          </reporter-output>
        </test-method> <!-- tearDown -->
      </class> <!-- com.browserstack.FirstTest -->
    </test> <!-- FirstTest-1 -->
    <test started-at="2023-11-09T15:55:10 CST" name="FirstTest-2" finished-at="2023-11-09T15:56:16 CST" duration-ms="65650">
      <class name="com.browserstack.FirstTest">
        <test-method is-config="true" signature="setUp()[pri:0, instance:com.browserstack.FirstTest@33a053d]" started-at="2023-11-09T15:55:10 CST" name="setUp" finished-at="2023-11-09T15:55:30 CST" duration-ms="19805" status="PASS">
          <reporter-output>
          </reporter-output>
        </test-method> <!-- setUp -->
        <test-method signature="test()[pri:0, instance:com.browserstack.FirstTest@33a053d]" started-at="2023-11-09T15:55:30 CST" name="test" finished-at="2023-11-09T15:56:12 CST" duration-ms="42207" status="PASS">
          <reporter-output>
          </reporter-output>
        </test-method> <!-- test -->
        <test-method is-config="true" signature="tearDown()[pri:0, instance:com.browserstack.FirstTest@33a053d]" started-at="2023-11-09T15:56:13 CST" name="tearDown" finished-at="2023-11-09T15:56:16 CST" duration-ms="3258" status="PASS">
          <reporter-output>
          </reporter-output>
        </test-method> <!-- tearDown -->
      </class> <!-- com.browserstack.FirstTest -->
    </test> <!-- FirstTest-2 -->
    <test started-at="2023-11-09T15:55:10 CST" name="FirstTest-0" finished-at="2023-11-09T15:56:21 CST" duration-ms="70888">
      <class name="com.browserstack.FirstTest">
        <test-method is-config="true" signature="setUp()[pri:0, instance:com.browserstack.FirstTest@5fa47fea]" started-at="2023-11-09T15:55:10 CST" name="setUp" finished-at="2023-11-09T15:55:32 CST" duration-ms="21761" status="PASS">
          <reporter-output>
          </reporter-output>
        </test-method> <!-- setUp -->
        <test-method signature="test()[pri:0, instance:com.browserstack.FirstTest@5fa47fea]" started-at="2023-11-09T15:55:32 CST" name="test" finished-at="2023-11-09T15:56:18 CST" duration-ms="46492" status="PASS">
          <reporter-output>
          </reporter-output>
        </test-method> <!-- test -->
        <test-method is-config="true" signature="tearDown()[pri:0, instance:com.browserstack.FirstTest@5fa47fea]" started-at="2023-11-09T15:56:19 CST" name="tearDown" finished-at="2023-11-09T15:56:21 CST" duration-ms="2286" status="PASS">
          <reporter-output>
          </reporter-output>
        </test-method> <!-- tearDown -->
      </class> <!-- com.browserstack.FirstTest -->
    </test> <!-- FirstTest-0 -->
  </suite> <!-- First -->
</testng-results>
